#
# There is insufficient memory for the Java Runtime Environment to continue.
# Native memory allocation (mmap) failed to map 268435456 bytes for G1 virtual space
# Possible reasons:
#   The system is out of physical RAM or swap space
#   The process is running with CompressedOops enabled, and the Java Heap may be blocking the growth of the native heap
# Possible solutions:
#   Reduce memory load on the system
#   Increase physical memory or swap space
#   Check if swap backing store is full
#   Decrease Java heap size (-Xmx/-Xms)
#   Decrease number of Java threads
#   Decrease Java thread stack sizes (-Xss)
#   Set larger code cache with -XX:ReservedCodeCacheSize=
#   JVM is running with Zero Based Compressed Oops mode in which the Java heap is
#     placed in the first 32GB address space. The Java Heap base address is the
#     maximum limit for the native heap growth. Please use -XX:HeapBaseMinAddress
#     to set the Java Heap base and to place the Java Heap above 32GB virtual address.
# This output file may be truncated or incomplete.
#
#  Out of Memory Error (os_windows.cpp:3613), pid=11272, tid=29436
#
# JRE version:  (17.0.9+9) (build )
# Java VM: OpenJDK 64-Bit Server VM (17.0.9+9, mixed mode, sharing, tiered, compressed oops, compressed class ptrs, g1 gc, windows-amd64)
# No core dump will be written. Minidumps are not enabled by default on client versions of Windows
#

---------------  S U M M A R Y ------------

Command Line: 

Host: Intel(R) Core(TM) i7-4790K CPU @ 4.00GHz, 8 cores, 15G,  Windows 10 , 64 bit Build 19041 (10.0.19041.5198)
Time: Thu Jan  2 13:08:58 2025 Eastern Standard Time elapsed time: 0.012138 seconds (0d 0h 0m 0s)

---------------  T H R E A D  ---------------

Current thread (0x000002a16b14bc70):  JavaThread "Unknown thread" [_thread_in_vm, id=29436, stack(0x000000de2c200000,0x000000de2c300000)]

Stack: [0x000000de2c200000,0x000000de2c300000]
Native frames: (J=compiled Java code, j=interpreted, Vv=VM code, C=native code)
V  [jvm.dll+0x67cf49]
V  [jvm.dll+0x83478a]
V  [jvm.dll+0x83624e]
V  [jvm.dll+0x8368b3]
V  [jvm.dll+0x247f1f]
V  [jvm.dll+0x679d69]
V  [jvm.dll+0x66e6ba]
V  [jvm.dll+0x307e5b]
V  [jvm.dll+0x30f306]
V  [jvm.dll+0x35f0ce]
V  [jvm.dll+0x35f2ff]
V  [jvm.dll+0x2dea58]
V  [jvm.dll+0x2df9c4]
V  [jvm.dll+0x806031]
V  [jvm.dll+0x36cf31]
V  [jvm.dll+0x7e4aac]
V  [jvm.dll+0x3f07af]
V  [jvm.dll+0x3f23e1]
C  [jli.dll+0x528f]
C  [ucrtbase.dll+0x21bb2]
C  [KERNEL32.DLL+0x17374]
C  [ntdll.dll+0x4cc91]


---------------  P R O C E S S  ---------------

Threads class SMR info:
_java_thread_list=0x00007ffccc1fee98, length=0, elements={
}

Java Threads: ( => current thread )

Other Threads:
  0x000002a16b1b6dc0 GCTaskThread "GC Thread#0" [stack: 0x000000de2c300000,0x000000de2c400000] [id=26908]
  0x000002a16b1c8c10 ConcurrentGCThread "G1 Main Marker" [stack: 0x000000de2c400000,0x000000de2c500000] [id=33324]
  0x000002a16b1cbcf0 ConcurrentGCThread "G1 Conc#0" [stack: 0x000000de2c500000,0x000000de2c600000] [id=31640]

[error occurred during error reporting (printing all threads), id 0xc0000005, EXCEPTION_ACCESS_VIOLATION (0xc0000005) at pc=0x00007ffccb9bf497]

VM state: not at safepoint (not fully initialized)

VM Mutex/Monitor currently owned by a thread:  ([mutex/lock_event])
[0x000002a16b148e70] Heap_lock - owner thread: 0x000002a16b14bc70

Heap address: 0x0000000700e00000, size: 4082 MB, Compressed Oops mode: Zero based, Oop shift amount: 3

CDS archive(s) mapped at: [0x0000000000000000-0x0000000000000000-0x0000000000000000), size 0, SharedBaseAddress: 0x0000000800000000, ArchiveRelocationMode: 1.
Narrow klass base: 0x0000000000000000, Narrow klass shift: 0, Narrow klass range: 0x0

GC Precious Log:
<Empty>

Heap:
 garbage-first heap   total 0K, used 0K [0x0000000700e00000, 0x0000000800000000)
  region size 2048K, 0 young (0K), 0 survivors (0K)

[error occurred during error reporting (printing heap information), id 0xc0000005, EXCEPTION_ACCESS_VIOLATION (0xc0000005) at pc=0x00007ffccbda6c79]

GC Heap History (0 events):
No events

Dll operation events (1 events):
Event: 0.007 Loaded shared library C:\Program Files\Unity\Hub\Editor\6000.0.30f1\Editor\Data\PlaybackEngines\AndroidPlayer\OpenJDK\bin\java.dll

Deoptimization events (0 events):
No events

Classes unloaded (0 events):
No events

Classes redefined (0 events):
No events

Internal exceptions (0 events):
No events

VM Operations (0 events):
No events

Events (0 events):
No events


Dynamic libraries:
0x00007ff689380000 - 0x00007ff68938e000 	C:\Program Files\Unity\Hub\Editor\6000.0.30f1\Editor\Data\PlaybackEngines\AndroidPlayer\OpenJDK\bin\java.exe
0x00007ffd85d30000 - 0x00007ffd85f28000 	C:\WINDOWS\SYSTEM32\ntdll.dll
0x00007ffd57fe0000 - 0x00007ffd57ffa000 	C:\Program Files\Avast Software\Avast\aswhook.dll
0x00007ffd850d0000 - 0x00007ffd85192000 	C:\WINDOWS\System32\KERNEL32.DLL
0x00007ffd83520000 - 0x00007ffd8381e000 	C:\WINDOWS\System32\KERNELBASE.dll
0x00007ffd83820000 - 0x00007ffd83920000 	C:\WINDOWS\System32\ucrtbase.dll
0x00007ffd7d250000 - 0x00007ffd7d26b000 	C:\Program Files\Unity\Hub\Editor\6000.0.30f1\Editor\Data\PlaybackEngines\AndroidPlayer\OpenJDK\bin\VCRUNTIME140.dll
0x00007ffd6c340000 - 0x00007ffd6c357000 	C:\Program Files\Unity\Hub\Editor\6000.0.30f1\Editor\Data\PlaybackEngines\AndroidPlayer\OpenJDK\bin\jli.dll
0x00007ffd84670000 - 0x00007ffd8480d000 	C:\WINDOWS\System32\USER32.dll
0x00007ffd839e0000 - 0x00007ffd83a02000 	C:\WINDOWS\System32\win32u.dll
0x00007ffd6c5a0000 - 0x00007ffd6c83a000 	C:\WINDOWS\WinSxS\amd64_microsoft.windows.common-controls_6595b64144ccf1df_6.0.19041.4355_none_60b8b9eb71f62e16\COMCTL32.dll
0x00007ffd84b50000 - 0x00007ffd84b7b000 	C:\WINDOWS\System32\GDI32.dll
0x00007ffd84ab0000 - 0x00007ffd84b4e000 	C:\WINDOWS\System32\msvcrt.dll
0x00007ffd83aa0000 - 0x00007ffd83bb7000 	C:\WINDOWS\System32\gdi32full.dll
0x00007ffd83480000 - 0x00007ffd8351d000 	C:\WINDOWS\System32\msvcp_win.dll
0x00007ffd83db0000 - 0x00007ffd83ddf000 	C:\WINDOWS\System32\IMM32.DLL
0x00007ffd6c330000 - 0x00007ffd6c33c000 	C:\Program Files\Unity\Hub\Editor\6000.0.30f1\Editor\Data\PlaybackEngines\AndroidPlayer\OpenJDK\bin\vcruntime140_1.dll
0x00007ffd46210000 - 0x00007ffd4629d000 	C:\Program Files\Unity\Hub\Editor\6000.0.30f1\Editor\Data\PlaybackEngines\AndroidPlayer\OpenJDK\bin\msvcp140.dll
0x00007ffccb6d0000 - 0x00007ffccc331000 	C:\Program Files\Unity\Hub\Editor\6000.0.30f1\Editor\Data\PlaybackEngines\AndroidPlayer\OpenJDK\bin\server\jvm.dll
0x00007ffd85b60000 - 0x00007ffd85c11000 	C:\WINDOWS\System32\ADVAPI32.dll
0x00007ffd85030000 - 0x00007ffd850cf000 	C:\WINDOWS\System32\sechost.dll
0x00007ffd84810000 - 0x00007ffd84933000 	C:\WINDOWS\System32\RPCRT4.dll
0x00007ffd83bc0000 - 0x00007ffd83be7000 	C:\WINDOWS\System32\bcrypt.dll
0x00007ffd82960000 - 0x00007ffd829ab000 	C:\WINDOWS\SYSTEM32\POWRPROF.dll
0x00007ffd69150000 - 0x00007ffd69159000 	C:\WINDOWS\SYSTEM32\WSOCK32.dll
0x00007ffd70e60000 - 0x00007ffd70e87000 	C:\WINDOWS\SYSTEM32\WINMM.dll
0x00007ffd7c550000 - 0x00007ffd7c55a000 	C:\WINDOWS\SYSTEM32\VERSION.dll
0x00007ffd84fb0000 - 0x00007ffd8501b000 	C:\WINDOWS\System32\WS2_32.dll
0x00007ffd827d0000 - 0x00007ffd827e2000 	C:\WINDOWS\SYSTEM32\UMPDC.dll
0x00007ffd81c40000 - 0x00007ffd81c52000 	C:\WINDOWS\SYSTEM32\kernel.appcore.dll
0x00007ffd6c320000 - 0x00007ffd6c32a000 	C:\Program Files\Unity\Hub\Editor\6000.0.30f1\Editor\Data\PlaybackEngines\AndroidPlayer\OpenJDK\bin\jimage.dll
0x00007ffd7acf0000 - 0x00007ffd7aed4000 	C:\WINDOWS\SYSTEM32\DBGHELP.DLL
0x00007ffd7af00000 - 0x00007ffd7af34000 	C:\WINDOWS\SYSTEM32\dbgcore.DLL
0x00007ffd83a10000 - 0x00007ffd83a92000 	C:\WINDOWS\System32\bcryptPrimitives.dll
0x00007ffd6a8b0000 - 0x00007ffd6a8d5000 	C:\Program Files\Unity\Hub\Editor\6000.0.30f1\Editor\Data\PlaybackEngines\AndroidPlayer\OpenJDK\bin\java.dll

dbghelp: loaded successfully - version: 4.0.5 - missing functions: none
symbol engine: initialized successfully - sym options: 0x614 - pdb path: .;C:\Program Files\Unity\Hub\Editor\6000.0.30f1\Editor\Data\PlaybackEngines\AndroidPlayer\OpenJDK\bin;C:\WINDOWS\SYSTEM32;C:\Program Files\Avast Software\Avast;C:\WINDOWS\WinSxS\amd64_microsoft.windows.common-controls_6595b64144ccf1df_6.0.19041.4355_none_60b8b9eb71f62e16;C:\Program Files\Unity\Hub\Editor\6000.0.30f1\Editor\Data\PlaybackEngines\AndroidPlayer\OpenJDK\bin\server

VM Arguments:
java_command: <unknown>
java_class_path (initial): <not set>
Launcher Type: SUN_STANDARD

[Global flags]
     intx CICompilerCount                          = 4                                         {product} {ergonomic}
     uint ConcGCThreads                            = 2                                         {product} {ergonomic}
     uint G1ConcRefinementThreads                  = 8                                         {product} {ergonomic}
   size_t G1HeapRegionSize                         = 2097152                                   {product} {ergonomic}
    uintx GCDrainStackTargetSize                   = 64                                        {product} {ergonomic}
   size_t InitialHeapSize                          = 268435456                                 {product} {ergonomic}
   size_t MarkStackSize                            = 4194304                                   {product} {ergonomic}
   size_t MaxHeapSize                              = 4280287232                                {product} {ergonomic}
   size_t MinHeapDeltaBytes                        = 2097152                                   {product} {ergonomic}
   size_t MinHeapSize                              = 8388608                                   {product} {ergonomic}
    uintx NonNMethodCodeHeapSize                   = 5839372                                {pd product} {ergonomic}
    uintx NonProfiledCodeHeapSize                  = 122909434                              {pd product} {ergonomic}
    uintx ProfiledCodeHeapSize                     = 122909434                              {pd product} {ergonomic}
    uintx ReservedCodeCacheSize                    = 251658240                              {pd product} {ergonomic}
     bool SegmentedCodeCache                       = true                                      {product} {ergonomic}
   size_t SoftMaxHeapSize                          = 4280287232                             {manageable} {ergonomic}
     bool UseCompressedClassPointers               = true                           {product lp64_product} {ergonomic}
     bool UseCompressedOops                        = true                           {product lp64_product} {ergonomic}
     bool UseG1GC                                  = true                                      {product} {ergonomic}
     bool UseLargePagesIndividualAllocation        = false                                  {pd product} {ergonomic}

Logging:
Log output configuration:
 #0: stdout all=warning uptime,level,tags
 #1: stderr all=off uptime,level,tags

Environment Variables:
JAVA_HOME=C:\Program Files\Unity\Hub\Editor\6000.0.30f1\Editor\Data\PlaybackEngines\AndroidPlayer\OpenJDK
PATH=C:\Program Files (x86)\Common Files\Oracle\Java\java8path;C:\Program Files (x86)\Common Files\Oracle\Java\javapath;C:\Program Files\Eclipse Adoptium\jdk-21.0.1.12-hotspot\bin;C:\Program Files\Microsoft\jdk-11.0.12.7-hotspot\bin;C:\ProgramData\Oracle\Java\javapath;C:\Perl64\site\bin;C:\Perl64\bin;C:\Windows\system32;C:\Windows;C:\Windows\System32\Wbem;C:\Windows\System32\WindowsPowerShell\v1.0\;C:\Program Files (x86)\NVIDIA Corporation\PhysX\Common;C:\Program Files\Microsoft SQL Server\120\Tools\Binn\;C:\Users\dzimi\AppData\Local\Programs\Python\Python37;C:\WINDOWS\system32;C:\WINDOWS;C:\WINDOWS\System32\Wbem;C:\WINDOWS\System32\WindowsPowerShell\v1.0\;C:\Program Files\doxygen\bin;C:\Program Files\Microsoft SQL Server\130\Tools\Binn\;F:\Qt\5.15.2\msvc2019_64\bin;C:\Program Files\LLVM\bin;F:\Programs\CMake\bin;C:\WINDOWS\System32\OpenSSH\;F:\Program Files\doxygen\bin;C:\Program Files (x86)\Yarn\bin\;C:\Program Files\nodejs\;C:\Program Files\NVIDIA Corporation\NVIDIA NvDLISR;C:\WINDOWS\system32;C:\WINDOWS;C:\WINDOWS\System32\Wbem;C:\WINDOWS\System32\WindowsPowerShell\v1.0\;C:\WINDOWS\System32\OpenSSH\;F:\Strawberry\c\bin;F:\Strawberry\perl\site\bin;F:\Strawberry\perl\bin;C:\Program Files\CMake\bin;C:\Program Files (x86)\Common Files\Acronis\SnapAPI\;C:\Program Files (x86)\Common Files\Acronis\VirtualFile\;C:\Program Files (x86)\Common Files\Acronis\VirtualFile64\;C:\Program Files (x86)\Microsoft SQL Server\160\Tools\Binn\;C:\Program Files\Microsoft SQL Server\160\Tools\Binn\;C:\Program Files\Microsoft SQL Server\Client SDK\ODBC\170\Tools\Binn\;C:\Program Files\Microsoft SQL Server\160\DTS\Binn\;C:\Program Files\dotnet\;C:\Program Files\Git\cmd;C:\Program Files\TortoiseGit\bin;C:\Program Files\PuTTY\;C:\Users\dzimi\AppData\Local\Programs\oh-my-posh\bin\;C:\Program Files\MySQL\MySQL Shell 8.0\bin\;C:\Users\dzimi\AppData\Local\Programs\Python\Python37\Scripts\;C:\Users\dzimi\AppData\Local\Programs\Python\Python37\;C:\Users\dzimi\.dnx\bin;C:\Ruby22-x64\bin;C:\icu\icu4-56
USERNAME=dzimi
OS=Windows_NT
PROCESSOR_IDENTIFIER=Intel64 Family 6 Model 60 Stepping 3, GenuineIntel
TMP=C:\Users\dzimi\AppData\Local\Temp
TEMP=C:\Users\dzimi\AppData\Local\Temp



Periodic native trim disabled


---------------  S Y S T E M  ---------------

OS:
 Windows 10 , 64 bit Build 19041 (10.0.19041.5198)
OS uptime: 6 days 13:47 hours

CPU: total 8 (initial active 8) (4 cores per cpu, 2 threads per core) family 6 model 60 stepping 3 microcode 0x27, cx8, cmov, fxsr, ht, mmx, sse, sse2, sse3, ssse3, sse4.1, sse4.2, popcnt, lzcnt, tsc, tscinvbit, avx, avx2, aes, erms, clmul, bmi1, bmi2, fma, vzeroupper, clflush
Processor Information for all 8 processors :
  Max Mhz: 4001, Current Mhz: 4001, Mhz Limit: 4001

Memory: 4k page, system-wide physical 16326M (3477M free)
TotalPageFile size 65478M (AvailPageFile size 231M)
current process WorkingSet (physical memory assigned to process): 11M, peak: 11M
current process commit charge ("private bytes"): 60M, peak: 316M

vm_info: OpenJDK 64-Bit Server VM (17.0.9+9) for windows-amd64 JRE (17.0.9+9), built on Oct 26 2023 14:01:42 by "admin" with MS VC++ 16.10 / 16.11 (VS2019)

END.
